{"name": "Test03 - Mark Task In 'V' And Verify That Task Is Not In Todo Tasks List", "status": "failed", "statusDetails": {"message": "AssertionError", "trace": "self = <test_cases.test_todo.TestElectron object at 0x000001CFD3C72E90>\n\n    @allure.title(\"Test03 - Mark Task In 'V' And Verify That Task Is Not In Todo Tasks List\")\n    @allure.description(\"This test verifies that completed tasks is not shown in 'Todo' tasks list\")\n    def test03_mark_completed_tasks(self):\n        ElectronFlows.add_new_task(\"Python\")\n        ElectronFlows.completed_task()\n>       Verifications.number_of_elements(page.to_do_main.get_tasks_list(), 1)\n\ntest_cases\\test_todo.py:28: \n_ _ _ _ _ _ _ _ _ _ _ _ _ _ _ _ _ _ _ _ _ _ _ _ _ _ _ _ _ _ _ _ _ _ _ _ _ _ _ _ _ _ _ _ _ _ _ _ _ _ _ _ _ _ _ _ _ _ _ _ _ _ _ _ _ _ _ _ _ _ _ _ _ _ _ _ _ _ _ _ _ _ _ _ _ _ _ _ _ _ _ _\n\nelements = [<selenium.webdriver.support.event_firing_webdriver.EventFiringWebElement object at 0x000001CFD3407340>, <selenium.webdriver.support.event_firing_webdriver.EventFiringWebElement object at 0x000001CFD3407820>]\nexpected = 1\n\n    @staticmethod\n    @allure.step(\"Verify Number Of Element\")\n    def number_of_elements(elements: list, expected: int):\n>       assert len(elements) == expected\nE       AssertionError\n\nextensions\\verifications.py:17: AssertionError"}, "description": "This test verifies that completed tasks is not shown in 'Todo' tasks list", "steps": [{"name": "Business Flow: Add New Task To The List", "status": "passed", "steps": [{"name": "updating text", "status": "passed", "parameters": [{"name": "elem", "value": "<selenium.webdriver.support.event_firing_webdriver.EventFiringWebElement object at 0x000001CFD3404AC0>"}, {"name": "value", "value": "'Python'"}], "start": 1685971917283, "stop": 1685971917369}, {"name": "Press Keyboard key", "status": "passed", "parameters": [{"name": "elem", "value": "<selenium.webdriver.support.event_firing_webdriver.EventFiringWebElement object at 0x000001CFD3405300>"}, {"name": "key", "value": "'î€‡'"}], "start": 1685971917379, "stop": 1685971917428}], "parameters": [{"name": "task_name", "value": "'Python'"}], "start": 1685971917269, "stop": 1685971917428}, {"name": "Business Flow: Mark Task Complete", "status": "passed", "steps": [{"name": "mouse hover on one element", "status": "passed", "parameters": [{"name": "elem", "value": "<selenium.webdriver.support.event_firing_webdriver.EventFiringWebElement object at 0x000001CFD3406170>"}], "start": 1685971917441, "stop": 1685971917457}, {"name": "click on element", "status": "passed", "parameters": [{"name": "elem", "value": "<selenium.webdriver.support.event_firing_webdriver.EventFiringWebElement object at 0x000001CFD3406A10>"}], "start": 1685971917470, "stop": 1685971917581}, {"name": "click on element", "status": "passed", "parameters": [{"name": "elem", "value": "<selenium.webdriver.support.event_firing_webdriver.EventFiringWebElement object at 0x000001CFD3407040>"}], "start": 1685971917613, "stop": 1685971918300}], "start": 1685971917428, "stop": 1685971918300}, {"name": "Verify Number Of Element", "status": "failed", "statusDetails": {"message": "AssertionError\n", "trace": "  File \"C:\\Users\\user\\AppData\\Roaming\\Python\\Python310\\site-packages\\allure_commons\\_allure.py\", line 192, in impl\n    return func(*a, **kw)\n  File \"C:\\python-selenium\\FinalProject\\extensions\\verifications.py\", line 17, in number_of_elements\n    assert len(elements) == expected\n"}, "parameters": [{"name": "elements", "value": "[<selenium.webdriver.support.event_firing_webdriver.EventFiringWebElement object at 0x000001CFD3407340>, <selenium.webdriver.support.event_firing_webdriver.EventFiringWebElement object at 0x000001CFD3407820>]"}, {"name": "expected", "value": "1"}], "start": 1685971918314, "stop": 1685971918314}], "attachments": [{"name": "screenshot.png", "source": "354e8bcf-bd14-43dd-b2fb-2bbe75229ac5-attachment.png", "type": "image/png"}], "start": 1685971917269, "stop": 1685971918323, "uuid": "0cbc91eb-1b94-46b2-a282-3321418b844d", "historyId": "6e847749049c4cfd7c82c6219367bd81", "testCaseId": "6e847749049c4cfd7c82c6219367bd81", "fullName": "test_cases.test_todo.TestElectron#test03_mark_completed_tasks", "labels": [{"name": "tag", "value": "@pytest.mark.usefixtures('init_electron_driver')"}, {"name": "parentSuite", "value": "test_cases"}, {"name": "suite", "value": "test_todo"}, {"name": "subSuite", "value": "TestElectron"}, {"name": "host", "value": "LAPTOP-AB2GI4KI"}, {"name": "thread", "value": "21192-MainThread"}, {"name": "framework", "value": "pytest"}, {"name": "language", "value": "cpython3"}, {"name": "package", "value": "test_cases.test_todo"}]}